<?xml version="1.0" encoding="UTF-8"?>
<!-- Generated by org.testng.reporters.JUnitReportReporter -->
<testsuite skipped="0" hostname="DESKTOP-I9RL5TD" name="Testcases.testcaseset1" tests="2" failures="0" timestamp="06 Sep 2023 11:40:10 GMT" time="6.959" errors="0">
  <testcase name="testsuit" time="3.366" classname="Testcases.testcaseset1"/>
  <testcase name="searchhotel22" time="3.593" classname="Testcases.testcaseset1"/>
</testsuite> <!-- Testcases.testcaseset1 -->
